2019-01-30T20:28:33.893Z [32minfo[39m: [32mthis is the firstname from the form ->[39m
2019-01-30T20:28:35.186Z [32minfo[39m: [32mthis is the firstname from the form ->[39m
2019-01-30T20:28:35.784Z [32minfo[39m: [32mthis is the firstname from the form ->[39m
2019-01-30T20:28:36.306Z [32minfo[39m: [32mthis is the firstname from the form ->[39m
2019-01-30T20:28:47.906Z [32minfo[39m: [32mthis is the firstname from the form ->[39m
2019-01-30T20:28:48.470Z [32minfo[39m: [32mthis is the firstname from the form ->[39m
2019-01-30T20:28:49.882Z [32minfo[39m: [32mthis is the firstname from the form ->[39m
2019-01-30T20:28:52.178Z [32minfo[39m: [32mthis is the firstname from the form ->[39m
2019-01-30T20:28:52.715Z [32minfo[39m: [32mthis is the firstname from the form ->[39m
2019-01-30T20:28:52.932Z [32minfo[39m: [32mthis is the firstname from the form ->[39m
2019-01-30T20:28:53.115Z [32minfo[39m: [32mthis is the firstname from the form ->[39m
2019-01-30T20:28:53.301Z [32minfo[39m: [32mthis is the firstname from the form ->[39m
2019-01-30T20:29:59.759Z [32minfo[39m: [32mthis is the firstname from the form ->[39m
2019-01-30T20:30:28.488Z [32minfo[39m: [32mthis is the firstname from the form ->[39m
2019-01-30T20:30:29.569Z [32minfo[39m: [32mthis is the firstname from the form ->[39m
2019-01-30T20:30:30.011Z [32minfo[39m: [32mthis is the firstname from the form ->[39m
2019-01-30T20:30:30.333Z [32minfo[39m: [32mthis is the firstname from the form ->[39m
2019-01-30T20:30:30.758Z [32minfo[39m: [32mthis is the firstname from the form ->[39m
2019-01-30T20:31:27.220Z [32minfo[39m: [32mthis is the firstname from the form ->[39m
2019-01-30T20:31:28.203Z [32minfo[39m: [32mthis is the firstname from the form ->[39m
2019-01-30T20:31:28.478Z [32minfo[39m: [32mthis is the firstname from the form ->[39m
2019-01-30T20:31:28.676Z [32minfo[39m: [32mthis is the firstname from the form ->[39m
2019-01-30T20:31:28.909Z [32minfo[39m: [32mthis is the firstname from the form ->[39m
2019-01-30T20:31:29.103Z [32minfo[39m: [32mthis is the firstname from the form ->[39m
2019-01-30T20:31:29.299Z [32minfo[39m: [32mthis is the firstname from the form ->[39m
2019-01-30T20:31:29.499Z [32minfo[39m: [32mthis is the firstname from the form ->[39m
2019-01-30T20:31:29.696Z [32minfo[39m: [32mthis is the firstname from the form ->[39m
2019-01-30T20:32:08.936Z [32minfo[39m: [32mthis is the firstname from the form -> Chris[39m
2019-01-30T20:32:09.663Z [32minfo[39m: [32mthis is the firstname from the form -> Chris[39m
2019-01-30T20:32:09.856Z [32minfo[39m: [32mthis is the firstname from the form -> Chris[39m
2019-01-30T20:32:10.024Z [32minfo[39m: [32mthis is the firstname from the form -> Chris[39m
2019-01-30T20:32:10.187Z [32minfo[39m: [32mthis is the firstname from the form -> Chris[39m
2019-01-30T20:32:10.353Z [32minfo[39m: [32mthis is the firstname from the form -> Chris[39m
2019-01-30T20:33:57.446Z [32minfo[39m: [32mthis is the firstname from the form -> Chris[39m
2019-01-30T20:52:58.371Z [32minfo[39m: [32mthis is the firstname from the form -> Chris[39m
2019-01-30T20:55:57.795Z [32minfo[39m: [32mthis is the firstname from the form -> Chris[39m
2019-01-30T20:55:59.028Z [32minfo[39m: [32mthis is the firstname from the form -> Chris[39m
2019-01-30T20:55:59.541Z [32minfo[39m: [32mthis is the firstname from the form -> Chris[39m
2019-01-30T20:55:59.813Z [32minfo[39m: [32mthis is the firstname from the form -> Chris[39m
2019-01-30T20:55:59.995Z [32minfo[39m: [32mthis is the firstname from the form -> Chris[39m
2019-01-30T20:56:00.171Z [32minfo[39m: [32mthis is the firstname from the form -> Chris[39m
2019-01-30T20:56:00.339Z [32minfo[39m: [32mthis is the firstname from the form -> Chris[39m
2019-01-30T20:56:00.510Z [32minfo[39m: [32mthis is the firstname from the form -> Chris[39m
2019-01-30T20:56:00.684Z [32minfo[39m: [32mthis is the firstname from the form -> Chris[39m
2019-01-30T20:56:00.845Z [32minfo[39m: [32mthis is the firstname from the form -> Chris[39m
2019-01-30T20:56:01.013Z [32minfo[39m: [32mthis is the firstname from the form -> Chris[39m
2019-01-30T20:56:01.191Z [32minfo[39m: [32mthis is the firstname from the form -> Chris[39m
2019-01-30T20:57:27.946Z [32minfo[39m: [32mthis is the firstname from the form -> [39m
2019-01-30T20:57:28.669Z [32minfo[39m: [32mthis is the firstname from the form -> [39m
2019-01-30T20:57:28.892Z [32minfo[39m: [32mthis is the firstname from the form -> [39m
2019-01-30T20:57:29.079Z [32minfo[39m: [32mthis is the firstname from the form -> [39m
2019-01-30T20:57:29.254Z [32minfo[39m: [32mthis is the firstname from the form -> [39m
2019-01-30T20:57:32.400Z [32minfo[39m: [32mthis is the firstname from the form -> tip[39m
2019-01-30T20:57:32.557Z [32minfo[39m: [32mthis is the firstname from the form -> tip[39m
2019-01-30T20:57:32.716Z [32minfo[39m: [32mthis is the firstname from the form -> tip[39m
2019-01-30T20:57:32.869Z [32minfo[39m: [32mthis is the firstname from the form -> tip[39m
2019-01-30T20:57:33.882Z [32minfo[39m: [32mthis is the firstname from the form -> tip[39m
2019-01-30T20:57:35.653Z [32minfo[39m: [32mthis is the firstname from the form -> tip[39m
2019-01-30T20:57:36.642Z [32minfo[39m: [32mthis is the firstname from the form -> tip[39m
2019-01-30T20:57:36.822Z [32minfo[39m: [32mthis is the firstname from the form -> tip[39m
2019-01-30T20:57:46.056Z [32minfo[39m: [32mthis is the firstname from the form -> tip[39m
2019-01-30T20:57:46.668Z [32minfo[39m: [32mthis is the firstname from the form -> tip[39m
2019-01-30T20:57:46.860Z [32minfo[39m: [32mthis is the firstname from the form -> tip[39m
2019-01-30T20:57:47.027Z [32minfo[39m: [32mthis is the firstname from the form -> tip[39m
2019-01-30T20:57:47.188Z [32minfo[39m: [32mthis is the firstname from the form -> tip[39m
2019-01-30T20:57:47.357Z [32minfo[39m: [32mthis is the firstname from the form -> tip[39m
2019-01-30T20:57:47.542Z [32minfo[39m: [32mthis is the firstname from the form -> tip[39m
2019-01-30T21:03:16.369Z [32minfo[39m: [32mthis is the firstname from the form -> Chris[39m
2019-01-30T21:12:53.024Z [32minfo[39m: [32mthis is the firstname from the form -> Chris[39m
2019-01-30T21:31:18.039Z [32minfo[39m: [32mLogging Chris[39m
2019-01-30T21:31:19.432Z [32minfo[39m: [32mLogging Chris[39m
2019-01-30T21:31:19.897Z [32minfo[39m: [32mLogging Chris[39m
2019-01-30T21:31:20.135Z [32minfo[39m: [32mLogging Chris[39m
2019-01-30T21:31:20.364Z [32minfo[39m: [32mLogging Chris[39m
2019-01-30T21:31:20.553Z [32minfo[39m: [32mLogging Chris[39m
2019-01-30T21:33:31.713Z [31merror[39m: [31mLogging Chris[39m
2019-01-30T21:33:32.637Z [31merror[39m: [31mLogging Chris[39m
2019-01-30T21:33:32.893Z [31merror[39m: [31mLogging Chris[39m
2019-01-30T21:33:33.077Z [31merror[39m: [31mLogging Chris[39m
2019-01-30T21:33:33.247Z [31merror[39m: [31mLogging Chris[39m
2019-01-30T21:33:33.399Z [31merror[39m: [31mLogging Chris[39m
2019-01-30T21:33:33.585Z [31merror[39m: [31mLogging Chris[39m
2019-01-30T21:34:01.195Z [32minfo[39m: [32mLogging Chris[39m
2019-01-30T21:34:01.892Z [32minfo[39m: [32mLogging Chris[39m
2019-01-30T21:34:02.089Z [32minfo[39m: [32mLogging Chris[39m
2019-01-30T21:34:02.277Z [32minfo[39m: [32mLogging Chris[39m
2019-01-30T21:34:02.445Z [32minfo[39m: [32mLogging Chris[39m
2019-01-30T21:34:02.639Z [32minfo[39m: [32mLogging Chris[39m
2019-01-30T21:34:16.196Z [32minfo[39m: [32mLogging Chris[39m
2019-01-30T21:34:16.365Z [32minfo[39m: [32mLogging Chris[39m
2019-01-30T21:34:16.560Z [32minfo[39m: [32mLogging Chris[39m
2019-01-30T21:34:16.725Z [32minfo[39m: [32mLogging Chris[39m
2019-01-30T21:34:16.895Z [32minfo[39m: [32mLogging Chris[39m
2019-01-30T21:34:17.056Z [32minfo[39m: [32mLogging Chris[39m
2019-01-30T22:34:57.291Z [32minfo[39m: [32mIncoming data undefined[39m
2019-01-30T22:35:00.405Z [32minfo[39m: [32mIncoming data undefined[39m
2019-01-30T22:35:00.580Z [32minfo[39m: [32mIncoming data undefined[39m
2019-01-30T22:35:00.732Z [32minfo[39m: [32mIncoming data undefined[39m
2019-01-30T22:35:00.884Z [32minfo[39m: [32mIncoming data undefined[39m
2019-01-30T22:35:01.039Z [32minfo[39m: [32mIncoming data undefined[39m
2019-01-30T22:35:01.191Z [32minfo[39m: [32mIncoming data undefined[39m
2019-01-30T22:35:01.353Z [32minfo[39m: [32mIncoming data undefined[39m
2019-01-30T22:35:01.502Z [32minfo[39m: [32mIncoming data undefined[39m
2019-01-30T22:35:01.665Z [32minfo[39m: [32mIncoming data undefined[39m
2019-01-30T22:35:01.826Z [32minfo[39m: [32mIncoming data undefined[39m
2019-01-30T22:35:01.980Z [32minfo[39m: [32mIncoming data undefined[39m
2019-01-30T22:35:02.140Z [32minfo[39m: [32mIncoming data undefined[39m
2019-01-30T22:35:02.303Z [32minfo[39m: [32mIncoming data undefined[39m
2019-01-30T22:35:02.465Z [32minfo[39m: [32mIncoming data undefined[39m
2019-01-30T22:35:02.615Z [32minfo[39m: [32mIncoming data undefined[39m
2019-01-30T22:35:02.767Z [32minfo[39m: [32mIncoming data undefined[39m
2019-01-30T22:35:02.921Z [32minfo[39m: [32mIncoming data undefined[39m
2019-01-30T22:35:03.081Z [32minfo[39m: [32mIncoming data undefined[39m
2019-01-30T22:35:03.225Z [32minfo[39m: [32mIncoming data undefined[39m
2019-01-30T22:35:03.378Z [32minfo[39m: [32mIncoming data undefined[39m
2019-01-30T22:35:03.548Z [32minfo[39m: [32mIncoming data undefined[39m
2019-01-30T22:36:21.087Z [32minfo[39m: [32mIncoming data Chris[39m
2019-01-30T22:36:22.743Z [32minfo[39m: [32mIncoming data Chris[39m
2019-01-30T22:36:22.999Z [32minfo[39m: [32mIncoming data Chris[39m
2019-01-30T22:39:51.383Z [32minfo[39m: [32mIncoming data Chris[39m
2019-01-30T22:42:12.898Z [32minfo[39m: [32mIncoming data C:\fakepath\DialPad Macro.js[39m
2019-01-30T23:02:39.582Z [32minfo[39m: [32mIncoming data C:\fakepath\DialPad Macro.js[39m
2019-01-30T23:03:15.397Z [32minfo[39m: [32mIncoming data C:\fakepath\DialPad Macro.js[39m
2019-01-30T23:03:15.401Z [31merror[39m: [31mENOENT: no such file or directory, scandir './endpoints/'[39m
2019-01-30T23:04:01.837Z [32minfo[39m: [32mIncoming data C:\fakepath\endpoints.csv[39m
2019-01-30T23:04:01.842Z [31merror[39m: [31mENOENT: no such file or directory, scandir './endpoints/'[39m
2019-01-30T23:06:37.014Z [32minfo[39m: [32mIncoming data C:\fakepath\endpoints.csv[39m
2019-01-30T23:06:37.020Z [31merror[39m: [31mENOENT: no such file or directory, scandir 'C:\fakepath\endpoints.csv'[39m
2019-01-30T23:29:46.381Z [32minfo[39m: [32mIncoming data /Users/christno/Documents/ATestFolderElectron/endpoints.csv[39m
2019-01-30T23:29:46.385Z [31merror[39m: [31mENOTDIR: not a directory, scandir '/Users/christno/Documents/ATestFolderElectron/endpoints.csv'[39m
2019-01-30T23:31:07.891Z [32minfo[39m: [32mIncoming data /Users/christno/Documents/ATestFolderElectron/endpoints.csv[39m
2019-01-30T23:31:07.896Z [31merror[39m: [31mfile is not defined[39m
2019-01-30T23:31:48.977Z [32minfo[39m: [32mIncoming data /Users/christno/Documents/ATestFolderElectron/endpoints.csv[39m
2019-01-30T23:31:48.980Z [32minfo[39m: [32mReading CSV, creating endpoint array for deployment...[39m
2019-01-30T23:31:49.000Z [32minfo[39m: [32m10.27.42.120[39m
2019-01-30T23:31:49.001Z [32minfo[39m: 
2019-01-30T23:31:49.001Z [32minfo[39m: [32m10.27.42.120[39m
2019-01-30T23:33:58.965Z [32minfo[39m: [32mIncoming data /Users/christno/Documents/ATestFolderElectron/endpoints.csv[39m
2019-01-30T23:33:58.969Z [32minfo[39m: [32mReading CSV, creating endpoint array for deployment...[39m
2019-01-30T23:33:58.986Z [32minfo[39m: [32m10.27.42.120[39m
2019-01-30T23:33:58.986Z [32minfo[39m: 
2019-01-30T23:33:58.986Z [32minfo[39m: [32m10.27.42.120[39m
2019-01-30T23:34:59.929Z [32minfo[39m: [32mIncoming data /Users/christno/Documents/ATestFolderElectron/endpoints.csv[39m
2019-01-30T23:34:59.933Z [32minfo[39m: [32mReading CSV, creating endpoint array for deployment...[39m
2019-01-30T23:34:59.948Z [32minfo[39m: [32m10.27.42.120[39m
2019-01-30T23:34:59.948Z [32minfo[39m: 
2019-01-30T23:34:59.948Z [32minfo[39m: [32m10.27.42.120[39m
2019-01-30T23:41:10.820Z [32minfo[39m: [32mIncoming data /Users/christno/Documents/ATestFolderElectron/endpoints.csv[39m
2019-01-30T23:41:41.945Z [32minfo[39m: [32mIncoming data /Users/christno/Documents/ATestFolderElectron/endpoints.csv[39m
2019-01-30T23:41:41.950Z [32minfo[39m: [32mReading CSV, creating endpoint array for deployment...[39m
2019-01-30T23:41:41.965Z [32minfo[39m: [32m10.27.42.120[39m
2019-01-30T23:41:41.965Z [32minfo[39m: 
2019-01-30T23:41:41.965Z [32minfo[39m: [32m10.27.42.120[39m
2019-01-30T23:42:56.821Z [32minfo[39m: [32mIncoming data /Users/christno/Documents/ATestFolderElectron/endpoints.csv[39m
2019-01-30T23:42:56.825Z [32minfo[39m: [32mReading CSV, creating endpoint array for deployment...[39m
2019-01-30T23:42:56.843Z [32minfo[39m: [32m10.27.42.120[39m
2019-01-30T23:42:56.843Z [32minfo[39m: 
2019-01-30T23:42:56.843Z [32minfo[39m: [32m10.27.42.120[39m
2019-01-30T23:42:56.843Z [32minfo[39m: [32mEndpoints processed......[39m
2019-01-31T01:24:04.157Z [32minfo[39m: [32mIncoming data /Users/christno/Documents/ATestFolderElectron/endpoints.csv[39m
2019-01-31T01:24:04.162Z [32minfo[39m: [32mReading CSV, creating endpoint array for deployment...[39m
2019-01-31T01:24:04.183Z [32minfo[39m: [32m10.27.42.120[39m
2019-01-31T01:24:04.184Z [32minfo[39m: 
2019-01-31T01:24:04.184Z [32minfo[39m: [32m10.27.42.120[39m
2019-01-31T01:24:04.185Z [31merror[39m: [31mUpdateEndpointStatus error: TypeError: Cannot read property 'username' of undefined[39m
